{"/Users/masaori/git/masaori/auto-test-writer-example-typescript/src/domain/usecases/CreateUserUsecase.ts": {"path":"/Users/masaori/git/masaori/auto-test-writer-example-typescript/src/domain/usecases/CreateUserUsecase.ts","statementMap":{"0":{"start":{"line":12,"column":15},"end":{"line":12,"column":50}},"1":{"start":{"line":13,"column":4},"end":{"line":13,"column":53}}},"fnMap":{"0":{"name":"(anonymous_0)","decl":{"start":{"line":9,"column":2},"end":{"line":9,"column":3}},"loc":{"start":{"line":9,"column":54},"end":{"line":9,"column":56}},"line":9},"1":{"name":"(anonymous_1)","decl":{"start":{"line":11,"column":2},"end":{"line":11,"column":3}},"loc":{"start":{"line":11,"column":55},"end":{"line":14,"column":3}},"line":11}},"branchMap":{},"s":{"0":1,"1":1},"f":{"0":1,"1":1},"b":{},"_coverageSchema":"1a1c01bbd47fc00a2c39e90264f33305004495a9","hash":"2fd3bf7abbcaf51636d7c46bd3450dbee060b7c2"}
}
